# JRE version: OpenJDK Runtime Environment Temurin-21.0.2+13 (21.0.2+13) (build 21.0.2+13-LTS)
# Java VM: OpenJDK 64-Bit Server VM Temurin-21.0.2+13 (21.0.2+13-LTS, mixed mode, emulated-client, tiered, compressed oops, compressed class ptrs, g1 gc, windows-amd64)
GC Precious Log:
 CardTable entry size: 512
 Card Set container configuration: InlinePtr #cards 4 size 8 Array Of Cards #cards 16 size 48 Howl #buckets 8 coarsen threshold 3686 Howl Bitmap #cards 512 size 80 coarsen threshold 460 Card regions per heap region 1 cards per card region 4096
 CPUs: 4 total, 4 available
 Memory: 16300M
 Large Page Support: Disabled
 NUMA Support: Disabled
 Compressed Oops: Enabled (Zero based)
 Heap Region Size: 2M
 Heap Min Capacity: 8M
 Heap Initial Capacity: 256M
 Heap Max Capacity: 4076M
 Pre-touch: Disabled
 Parallel Workers: 4
 Concurrent Workers: 1
 Concurrent Refinement Workers: 4
 Periodic GC: Disabled
Heap:
 garbage-first heap   total 274432K, used 144742K [0x0000000701400000, 0x0000000800000000)
  region size 2048K, 33 young (67584K), 6 survivors (12288K)
 Metaspace       used 132690K, committed 133696K, reserved 1179648K
  class space    used 17372K, committed 17856K, reserved 1048576K
GC Heap History (20 events):
Event: 2884.712 GC heap before
{Heap before GC invocations=84 (full 8):
 garbage-first heap   total 452608K, used 98127K [0x0000000701400000, 0x0000000800000000)
  region size 2048K, 14 young (28672K), 5 survivors (10240K)
 Metaspace       used 126950K, committed 127936K, reserved 1179648K
  class space    used 16880K, committed 17344K, reserved 1048576K
}
Event: 2884.839 GC heap after
{Heap after GC invocations=85 (full 9):
 garbage-first heap   total 274432K, used 78595K [0x0000000701400000, 0x0000000800000000)
  region size 2048K, 0 young (0K), 0 survivors (0K)
 Metaspace       used 126935K, committed 127936K, reserved 1179648K
  class space    used 16877K, committed 17344K, reserved 1048576K
}
Event: 2887.063 GC heap before
{Heap before GC invocations=85 (full 9):
 garbage-first heap   total 274432K, used 230147K [0x0000000701400000, 0x0000000800000000)
  region size 2048K, 74 young (151552K), 0 survivors (0K)
 Metaspace       used 128095K, committed 129152K, reserved 1179648K
  class space    used 16981K, committed 17472K, reserved 1048576K
}
Event: 2887.076 GC heap after
{Heap after GC invocations=86 (full 9):
 garbage-first heap   total 274432K, used 89219K [0x0000000701400000, 0x0000000800000000)
  region size 2048K, 6 young (12288K), 6 survivors (12288K)
 Metaspace       used 128095K, committed 129152K, reserved 1179648K
  class space    used 16981K, committed 17472K, reserved 1048576K
}
Event: 2922.049 GC heap before
{Heap before GC invocations=87 (full 9):
 garbage-first heap   total 274432K, used 140419K [0x0000000701400000, 0x0000000800000000)
  region size 2048K, 32 young (65536K), 6 survivors (12288K)
 Metaspace       used 128200K, committed 129216K, reserved 1179648K
  class space    used 16992K, committed 17472K, reserved 1048576K
}
Event: 2922.174 GC heap after
{Heap after GC invocations=88 (full 10):
 garbage-first heap   total 274432K, used 79368K [0x0000000701400000, 0x0000000800000000)
  region size 2048K, 0 young (0K), 0 survivors (0K)
 Metaspace       used 128168K, committed 129216K, reserved 1179648K
  class space    used 16989K, committed 17472K, reserved 1048576K
}
Event: 2924.310 GC heap before
{Heap before GC invocations=88 (full 10):
 garbage-first heap   total 274432K, used 232968K [0x0000000701400000, 0x0000000800000000)
  region size 2048K, 75 young (153600K), 0 survivors (0K)
 Metaspace       used 129326K, committed 130368K, reserved 1179648K
  class space    used 17090K, committed 17600K, reserved 1048576K
}
Event: 2924.323 GC heap after
{Heap after GC invocations=89 (full 10):
 garbage-first heap   total 274432K, used 90074K [0x0000000701400000, 0x0000000800000000)
  region size 2048K, 6 young (12288K), 6 survivors (12288K)
 Metaspace       used 129326K, committed 130368K, reserved 1179648K
  class space    used 17090K, committed 17600K, reserved 1048576K
}
Event: 2968.006 GC heap before
{Heap before GC invocations=90 (full 10):
 garbage-first heap   total 274432K, used 137178K [0x0000000701400000, 0x0000000800000000)
  region size 2048K, 30 young (61440K), 6 survivors (12288K)
 Metaspace       used 129334K, committed 130432K, reserved 1179648K
  class space    used 17093K, committed 17600K, reserved 1048576K
}
Event: 2968.137 GC heap after
{Heap after GC invocations=91 (full 11):
 garbage-first heap   total 274432K, used 78672K [0x0000000701400000, 0x0000000800000000)
  region size 2048K, 0 young (0K), 0 survivors (0K)
 Metaspace       used 129302K, committed 130432K, reserved 1179648K
  class space    used 17090K, committed 17600K, reserved 1048576K
}
Event: 2970.093 GC heap before
{Heap before GC invocations=91 (full 11):
 garbage-first heap   total 274432K, used 230224K [0x0000000701400000, 0x0000000800000000)
  region size 2048K, 75 young (153600K), 0 survivors (0K)
 Metaspace       used 130441K, committed 131520K, reserved 1179648K
  class space    used 17185K, committed 17728K, reserved 1048576K
}
Event: 2970.105 GC heap after
{Heap after GC invocations=92 (full 11):
 garbage-first heap   total 274432K, used 89401K [0x0000000701400000, 0x0000000800000000)
  region size 2048K, 6 young (12288K), 6 survivors (12288K)
 Metaspace       used 130441K, committed 131520K, reserved 1179648K
  class space    used 17185K, committed 17728K, reserved 1048576K
}
Event: 3083.047 GC heap before
{Heap before GC invocations=93 (full 11):
 garbage-first heap   total 274432K, used 142649K [0x0000000701400000, 0x0000000800000000)
  region size 2048K, 33 young (67584K), 6 survivors (12288K)
 Metaspace       used 130313K, committed 131520K, reserved 1179648K
  class space    used 17150K, committed 17728K, reserved 1048576K
}
Event: 3083.182 GC heap after
{Heap after GC invocations=94 (full 12):
 garbage-first heap   total 274432K, used 78514K [0x0000000701400000, 0x0000000800000000)
  region size 2048K, 0 young (0K), 0 survivors (0K)
 Metaspace       used 130280K, committed 131456K, reserved 1179648K
  class space    used 17147K, committed 17664K, reserved 1048576K
}
Event: 3085.459 GC heap before
{Heap before GC invocations=94 (full 12):
 garbage-first heap   total 274432K, used 234162K [0x0000000701400000, 0x0000000800000000)
  region size 2048K, 77 young (157696K), 0 survivors (0K)
 Metaspace       used 131459K, committed 132480K, reserved 1179648K
  class space    used 17262K, committed 17728K, reserved 1048576K
}
Event: 3085.473 GC heap after
{Heap after GC invocations=95 (full 12):
 garbage-first heap   total 274432K, used 89751K [0x0000000701400000, 0x0000000800000000)
  region size 2048K, 6 young (12288K), 6 survivors (12288K)
 Metaspace       used 131459K, committed 132480K, reserved 1179648K
  class space    used 17262K, committed 17728K, reserved 1048576K
}
Event: 3221.504 GC heap before
{Heap before GC invocations=96 (full 12):
 garbage-first heap   total 274432K, used 149143K [0x0000000701400000, 0x0000000800000000)
  region size 2048K, 36 young (73728K), 6 survivors (12288K)
 Metaspace       used 131508K, committed 132480K, reserved 1179648K
  class space    used 17264K, committed 17728K, reserved 1048576K
}
Event: 3221.639 GC heap after
{Heap after GC invocations=97 (full 13):
 garbage-first heap   total 274432K, used 79742K [0x0000000701400000, 0x0000000800000000)
  region size 2048K, 0 young (0K), 0 survivors (0K)
 Metaspace       used 131476K, committed 132480K, reserved 1179648K
  class space    used 17260K, committed 17728K, reserved 1048576K
}
Event: 3224.006 GC heap before
{Heap before GC invocations=97 (full 13):
 garbage-first heap   total 274432K, used 235390K [0x0000000701400000, 0x0000000800000000)
  region size 2048K, 77 young (157696K), 0 survivors (0K)
 Metaspace       used 132626K, committed 133632K, reserved 1179648K
  class space    used 17362K, committed 17856K, reserved 1048576K
}
Event: 3224.018 GC heap after
{Heap after GC invocations=98 (full 13):
 garbage-first heap   total 274432K, used 91494K [0x0000000701400000, 0x0000000800000000)
  region size 2048K, 6 young (12288K), 6 survivors (12288K)
 Metaspace       used 132626K, committed 133632K, reserved 1179648K
  class space    used 17362K, committed 17856K, reserved 1048576K
}

